30-Dec-20 15:32:09:Register:106:ERROR:TypeError: 'NoneType' object is not subscriptable
30-Dec-20 15:32:09:Register:106:ERROR:TypeError: 'NoneType' object is not subscriptable
30-Dec-20 17:09:31:Register:106:ERROR:TypeError: 'NoneType' object is not subscriptable
30-Dec-20 17:09:31:Register:106:ERROR:TypeError: 'NoneType' object is not subscriptable
30-Dec-20 17:09:31:Register:106:ERROR:TypeError: 'NoneType' object is not subscriptable
30-Dec-20 17:09:31:Register:106:ERROR:TypeError: 'NoneType' object is not subscriptable
30-Dec-20 17:09:33:Register:106:ERROR:TypeError: 'NoneType' object is not subscriptable
30-Dec-20 17:09:33:Register:106:ERROR:TypeError: 'NoneType' object is not subscriptable
30-Dec-20 17:09:33:Register:106:ERROR:TypeError: 'NoneType' object is not subscriptable
30-Dec-20 17:09:33:Register:106:ERROR:TypeError: 'NoneType' object is not subscriptable
30-Dec-20 17:09:33:Register:106:ERROR:TypeError: 'NoneType' object is not subscriptable
30-Dec-20 17:09:33:Register:106:ERROR:TypeError: 'NoneType' object is not subscriptable
30-Dec-20 17:09:36:Register:106:ERROR:TypeError: 'NoneType' object is not subscriptable
30-Dec-20 17:09:36:Register:106:ERROR:TypeError: 'NoneType' object is not subscriptable
30-Dec-20 17:09:36:Register:106:ERROR:TypeError: 'NoneType' object is not subscriptable
30-Dec-20 17:09:36:Register:106:ERROR:TypeError: 'NoneType' object is not subscriptable
30-Dec-20 17:09:36:Register:106:ERROR:TypeError: 'NoneType' object is not subscriptable
30-Dec-20 17:09:36:Register:106:ERROR:TypeError: 'NoneType' object is not subscriptable
30-Dec-20 17:09:36:Register:106:ERROR:TypeError: 'NoneType' object is not subscriptable
30-Dec-20 17:09:36:Register:106:ERROR:TypeError: 'NoneType' object is not subscriptable
30-Dec-20 17:09:43:Register:106:ERROR:TypeError: 'NoneType' object is not subscriptable
30-Dec-20 17:09:43:Register:106:ERROR:TypeError: 'NoneType' object is not subscriptable
30-Dec-20 17:09:43:Register:106:ERROR:TypeError: 'NoneType' object is not subscriptable
30-Dec-20 17:09:43:Register:106:ERROR:TypeError: 'NoneType' object is not subscriptable
30-Dec-20 17:09:43:Register:106:ERROR:TypeError: 'NoneType' object is not subscriptable
30-Dec-20 17:09:43:Register:106:ERROR:TypeError: 'NoneType' object is not subscriptable
30-Dec-20 17:09:43:Register:106:ERROR:TypeError: 'NoneType' object is not subscriptable
30-Dec-20 17:09:43:Register:106:ERROR:TypeError: 'NoneType' object is not subscriptable
30-Dec-20 17:09:43:Register:106:ERROR:TypeError: 'NoneType' object is not subscriptable
30-Dec-20 17:09:43:Register:106:ERROR:TypeError: 'NoneType' object is not subscriptable
30-Dec-20 17:10:50:Register:106:ERROR:TypeError: 'NoneType' object is not subscriptable
30-Dec-20 17:10:50:Register:106:ERROR:TypeError: 'NoneType' object is not subscriptable
30-Dec-20 17:10:50:Register:106:ERROR:TypeError: 'NoneType' object is not subscriptable
30-Dec-20 17:10:50:Register:106:ERROR:TypeError: 'NoneType' object is not subscriptable
30-Dec-20 17:10:50:Register:106:ERROR:TypeError: 'NoneType' object is not subscriptable
30-Dec-20 17:10:50:Register:106:ERROR:TypeError: 'NoneType' object is not subscriptable
30-Dec-20 17:10:50:Register:106:ERROR:TypeError: 'NoneType' object is not subscriptable
30-Dec-20 17:10:50:Register:106:ERROR:TypeError: 'NoneType' object is not subscriptable
30-Dec-20 17:10:50:Register:106:ERROR:TypeError: 'NoneType' object is not subscriptable
30-Dec-20 17:10:50:Register:106:ERROR:TypeError: 'NoneType' object is not subscriptable
30-Dec-20 17:10:50:Register:106:ERROR:TypeError: 'NoneType' object is not subscriptable
30-Dec-20 17:10:50:Register:106:ERROR:TypeError: 'NoneType' object is not subscriptable
30-Dec-20 17:10:52:Register:106:ERROR:TypeError: 'NoneType' object is not subscriptable
30-Dec-20 17:10:52:Register:106:ERROR:TypeError: 'NoneType' object is not subscriptable
30-Dec-20 17:10:52:Register:106:ERROR:TypeError: 'NoneType' object is not subscriptable
30-Dec-20 17:10:52:Register:106:ERROR:TypeError: 'NoneType' object is not subscriptable
30-Dec-20 17:10:52:Register:106:ERROR:TypeError: 'NoneType' object is not subscriptable
30-Dec-20 17:10:52:Register:106:ERROR:TypeError: 'NoneType' object is not subscriptable
30-Dec-20 17:10:52:Register:106:ERROR:TypeError: 'NoneType' object is not subscriptable
30-Dec-20 17:10:52:Register:106:ERROR:TypeError: 'NoneType' object is not subscriptable
30-Dec-20 17:10:52:Register:106:ERROR:TypeError: 'NoneType' object is not subscriptable
30-Dec-20 17:10:52:Register:106:ERROR:TypeError: 'NoneType' object is not subscriptable
30-Dec-20 17:10:52:Register:106:ERROR:TypeError: 'NoneType' object is not subscriptable
30-Dec-20 17:10:52:Register:106:ERROR:TypeError: 'NoneType' object is not subscriptable
30-Dec-20 17:10:52:Register:106:ERROR:TypeError: 'NoneType' object is not subscriptable
30-Dec-20 17:10:52:Register:106:ERROR:TypeError: 'NoneType' object is not subscriptable
30-Dec-20 17:11:55:Register:106:ERROR:TypeError: 'NoneType' object is not subscriptable
30-Dec-20 17:11:55:Register:106:ERROR:TypeError: 'NoneType' object is not subscriptable
30-Dec-20 17:13:36:Register:107:ERROR:TypeError: 'NoneType' object is not subscriptable
30-Dec-20 17:13:36:Register:107:ERROR:TypeError: 'NoneType' object is not subscriptable
30-Dec-20 17:16:42:Register:107:ERROR:TypeError: 'NoneType' object is not subscriptable
30-Dec-20 17:16:42:Register:107:ERROR:TypeError: 'NoneType' object is not subscriptable
30-Dec-20 17:25:57:Register:80:ERROR:CheckViolation: new row for relation "person" violates check constraint "valid_username"
DETAIL:  Failing row contains (zach0011!A, $2b$12$C6KORpXEw7SHN4.NA9E9DelInHVPktjdpgRR.eXniUuDkvKeYlgfy).

30-Dec-20 17:25:57:Register:80:ERROR:CheckViolation: new row for relation "person" violates check constraint "valid_username"
DETAIL:  Failing row contains (zach0011!A, $2b$12$C6KORpXEw7SHN4.NA9E9DelInHVPktjdpgRR.eXniUuDkvKeYlgfy).

30-Dec-20 17:25:57:Register:80:ERROR:CheckViolation: new row for relation "person" violates check constraint "valid_username"
DETAIL:  Failing row contains (zach0011!A, $2b$12$C6KORpXEw7SHN4.NA9E9DelInHVPktjdpgRR.eXniUuDkvKeYlgfy).

30-Dec-20 17:25:57:Register:80:ERROR:CheckViolation: new row for relation "person" violates check constraint "valid_username"
DETAIL:  Failing row contains (zach0011!A, $2b$12$C6KORpXEw7SHN4.NA9E9DelInHVPktjdpgRR.eXniUuDkvKeYlgfy).

30-Dec-20 17:25:57:Register:80:ERROR:CheckViolation: new row for relation "person" violates check constraint "valid_username"
DETAIL:  Failing row contains (zach0011!A, $2b$12$C6KORpXEw7SHN4.NA9E9DelInHVPktjdpgRR.eXniUuDkvKeYlgfy).

30-Dec-20 17:25:57:Register:80:ERROR:CheckViolation: new row for relation "person" violates check constraint "valid_username"
DETAIL:  Failing row contains (zach0011!A, $2b$12$C6KORpXEw7SHN4.NA9E9DelInHVPktjdpgRR.eXniUuDkvKeYlgfy).

30-Dec-20 17:25:57:Register:80:ERROR:CheckViolation: new row for relation "person" violates check constraint "valid_username"
DETAIL:  Failing row contains (zach0011!A, $2b$12$C6KORpXEw7SHN4.NA9E9DelInHVPktjdpgRR.eXniUuDkvKeYlgfy).

30-Dec-20 17:25:57:Register:80:ERROR:CheckViolation: new row for relation "person" violates check constraint "valid_username"
DETAIL:  Failing row contains (zach0011!A, $2b$12$C6KORpXEw7SHN4.NA9E9DelInHVPktjdpgRR.eXniUuDkvKeYlgfy).

30-Dec-20 17:25:57:Register:80:ERROR:CheckViolation: new row for relation "person" violates check constraint "valid_username"
DETAIL:  Failing row contains (zach0011!A, $2b$12$C6KORpXEw7SHN4.NA9E9DelInHVPktjdpgRR.eXniUuDkvKeYlgfy).

30-Dec-20 17:25:57:Register:80:ERROR:CheckViolation: new row for relation "person" violates check constraint "valid_username"
DETAIL:  Failing row contains (zach0011!A, $2b$12$C6KORpXEw7SHN4.NA9E9DelInHVPktjdpgRR.eXniUuDkvKeYlgfy).

30-Dec-20 17:25:57:Register:80:ERROR:CheckViolation: new row for relation "person" violates check constraint "valid_username"
DETAIL:  Failing row contains (zach0011!A, $2b$12$C6KORpXEw7SHN4.NA9E9DelInHVPktjdpgRR.eXniUuDkvKeYlgfy).

30-Dec-20 17:25:57:Register:80:ERROR:CheckViolation: new row for relation "person" violates check constraint "valid_username"
DETAIL:  Failing row contains (zach0011!A, $2b$12$C6KORpXEw7SHN4.NA9E9DelInHVPktjdpgRR.eXniUuDkvKeYlgfy).

30-Dec-20 17:25:57:Register:107:ERROR:InFailedSqlTransaction: current transaction is aborted, commands ignored until end of transaction block

30-Dec-20 17:25:57:Register:107:ERROR:InFailedSqlTransaction: current transaction is aborted, commands ignored until end of transaction block

30-Dec-20 17:25:57:Register:107:ERROR:InFailedSqlTransaction: current transaction is aborted, commands ignored until end of transaction block

30-Dec-20 17:25:57:Register:107:ERROR:InFailedSqlTransaction: current transaction is aborted, commands ignored until end of transaction block

30-Dec-20 17:25:57:Register:107:ERROR:InFailedSqlTransaction: current transaction is aborted, commands ignored until end of transaction block

30-Dec-20 17:25:57:Register:107:ERROR:InFailedSqlTransaction: current transaction is aborted, commands ignored until end of transaction block

30-Dec-20 17:25:57:Register:107:ERROR:InFailedSqlTransaction: current transaction is aborted, commands ignored until end of transaction block

30-Dec-20 17:25:57:Register:107:ERROR:InFailedSqlTransaction: current transaction is aborted, commands ignored until end of transaction block

30-Dec-20 17:25:57:Register:107:ERROR:InFailedSqlTransaction: current transaction is aborted, commands ignored until end of transaction block

30-Dec-20 17:25:57:Register:107:ERROR:InFailedSqlTransaction: current transaction is aborted, commands ignored until end of transaction block

30-Dec-20 17:25:57:Register:107:ERROR:InFailedSqlTransaction: current transaction is aborted, commands ignored until end of transaction block

30-Dec-20 17:25:57:Register:107:ERROR:InFailedSqlTransaction: current transaction is aborted, commands ignored until end of transaction block

30-Dec-20 17:28:29:Register:107:ERROR:TypeError: 'NoneType' object is not subscriptable
30-Dec-20 17:28:29:Register:107:ERROR:TypeError: 'NoneType' object is not subscriptable
30-Dec-20 17:34:58:Register:107:ERROR:TypeError: 'NoneType' object is not subscriptable
30-Dec-20 17:34:58:Register:107:ERROR:TypeError: 'NoneType' object is not subscriptable
30-Dec-20 17:35:58:Register:107:ERROR:TypeError: 'NoneType' object is not subscriptable
30-Dec-20 17:35:58:Register:107:ERROR:TypeError: 'NoneType' object is not subscriptable
30-Dec-20 17:35:58:Register:107:ERROR:TypeError: 'NoneType' object is not subscriptable
30-Dec-20 17:35:58:Register:107:ERROR:TypeError: 'NoneType' object is not subscriptable
30-Dec-20 17:36:54:Register:107:ERROR:TypeError: 'NoneType' object is not subscriptable
30-Dec-20 17:36:54:Register:107:ERROR:TypeError: 'NoneType' object is not subscriptable
30-Dec-20 17:36:54:Register:107:ERROR:TypeError: 'NoneType' object is not subscriptable
30-Dec-20 17:36:54:Register:107:ERROR:TypeError: 'NoneType' object is not subscriptable
30-Dec-20 17:36:54:Register:107:ERROR:TypeError: 'NoneType' object is not subscriptable
30-Dec-20 17:36:54:Register:107:ERROR:TypeError: 'NoneType' object is not subscriptable
30-Dec-20 17:36:54:Register:107:ERROR:TypeError: 'NoneType' object is not subscriptable
30-Dec-20 17:36:54:Register:107:ERROR:TypeError: 'NoneType' object is not subscriptable
30-Dec-20 17:52:02:Register:107:ERROR:IndexError: list index out of range
30-Dec-20 17:52:02:Register:107:ERROR:IndexError: list index out of range
30-Dec-20 17:52:02:Register:107:ERROR:IndexError: list index out of range
30-Dec-20 17:52:02:Register:107:ERROR:IndexError: list index out of range
30-Dec-20 22:40:33:Register:107:ERROR:IndexError: list index out of range
30-Dec-20 22:40:33:Register:107:ERROR:IndexError: list index out of range
30-Dec-20 22:40:33:Register:107:ERROR:IndexError: list index out of range
30-Dec-20 22:40:33:Register:107:ERROR:IndexError: list index out of range
30-Dec-20 22:45:21:Register:108:ERROR:IndexError: list index out of range
30-Dec-20 22:45:21:Register:108:ERROR:IndexError: list index out of range
30-Dec-20 22:45:42:Register:108:ERROR:IndexError: list index out of range
30-Dec-20 22:45:42:Register:108:ERROR:IndexError: list index out of range
30-Dec-20 23:03:04:Register:76:ERROR:CheckViolation: new row for relation "person" violates check constraint "valid_username"
DETAIL:  Failing row contains (zaxariasA!1, $2b$12$lc63D5lu1f.7CFgw1PH/HuvkaOoWneZqxG1YfmhJ0gxRoRPwgmjNO).

30-Dec-20 23:03:04:Register:76:ERROR:CheckViolation: new row for relation "person" violates check constraint "valid_username"
DETAIL:  Failing row contains (zaxariasA!1, $2b$12$lc63D5lu1f.7CFgw1PH/HuvkaOoWneZqxG1YfmhJ0gxRoRPwgmjNO).

30-Dec-20 23:03:04:Register:108:ERROR:InFailedSqlTransaction: current transaction is aborted, commands ignored until end of transaction block

30-Dec-20 23:03:04:Register:108:ERROR:InFailedSqlTransaction: current transaction is aborted, commands ignored until end of transaction block

31-Dec-20 00:23:43:Register:109:ERROR:TypeError: Unicode-objects must be encoded before checking
31-Dec-20 00:23:43:Register:109:ERROR:TypeError: Unicode-objects must be encoded before checking
31-Dec-20 00:24:13:Register:109:ERROR:TypeError: Unicode-objects must be encoded before hashing
31-Dec-20 00:24:13:Register:109:ERROR:TypeError: Unicode-objects must be encoded before hashing
31-Dec-20 00:28:53:Register:109:ERROR:NameError: name 'hashed_password' is not defined
31-Dec-20 00:28:53:Register:109:ERROR:NameError: name 'hashed_password' is not defined
31-Dec-20 00:29:19:Register:109:ERROR:ValueError: Invalid salt
31-Dec-20 00:29:19:Register:109:ERROR:ValueError: Invalid salt
02-Jan-21 13:29:05:pwManager:62:ERROR:AttributeError: 'pwManager' object has no attribute 'app_username'
02-Jan-21 13:29:05:pwManager:62:ERROR:AttributeError: 'pwManager' object has no attribute 'app_username'
02-Jan-21 13:30:50:pwManager:61:ERROR:TypeError: not all arguments converted during string formatting
02-Jan-21 13:30:50:pwManager:61:ERROR:TypeError: not all arguments converted during string formatting
02-Jan-21 13:55:20:pwManager:63:ERROR:CheckViolation: new row for relation "login_data" violates check constraint "proper_email"
DETAIL:  Failing row contains (fdgd, drgre, srgs@rg, dgdr, drg, zach).

02-Jan-21 13:55:20:pwManager:63:ERROR:CheckViolation: new row for relation "login_data" violates check constraint "proper_email"
DETAIL:  Failing row contains (fdgd, drgre, srgs@rg, dgdr, drg, zach).

04-Jan-21 11:55:33:pwManager:64:ERROR:CheckViolation: new row for relation "login_data" violates check constraint "proper_email"
DETAIL:  Failing row contains (aed, sfs, sfs, sdfs, sf, zach11).

04-Jan-21 11:55:33:pwManager:64:ERROR:CheckViolation: new row for relation "login_data" violates check constraint "proper_email"
DETAIL:  Failing row contains (aed, sfs, sfs, sdfs, sf, zach11).

04-Jan-21 12:39:33:pwManager:64:ERROR:CheckViolation: new row for relation "login_data" violates check constraint "proper_email"
DETAIL:  Failing row contains (asef, ss, srg, dfs, sgf, zach11).

04-Jan-21 12:39:33:pwManager:64:ERROR:CheckViolation: new row for relation "login_data" violates check constraint "proper_email"
DETAIL:  Failing row contains (asef, ss, srg, dfs, sgf, zach11).

04-Jan-21 13:10:15:pwManager:68:ERROR:CheckViolation: new row for relation "login_data" violates check constraint "proper_email"
DETAIL:  Failing row contains (dfgd, srg, sg, srg, dfg, zach11).

04-Jan-21 13:10:15:pwManager:68:ERROR:CheckViolation: new row for relation "login_data" violates check constraint "proper_email"
DETAIL:  Failing row contains (dfgd, srg, sg, srg, dfg, zach11).

04-Jan-21 14:04:24:pwManager:68:ERROR:CheckViolation: new row for relation "login_data" violates check constraint "proper_email"
DETAIL:  Failing row contains (sdgf, fdgd, dbc, gbcdf, cn, zach11).

04-Jan-21 14:04:24:pwManager:68:ERROR:CheckViolation: new row for relation "login_data" violates check constraint "proper_email"
DETAIL:  Failing row contains (sdgf, fdgd, dbc, gbcdf, cn, zach11).

04-Jan-21 14:05:04:pwManager:68:ERROR:CheckViolation: new row for relation "login_data" violates check constraint "proper_email"
DETAIL:  Failing row contains (sfs, fvgd, bfd, dfb, x, zach11).

04-Jan-21 14:05:04:pwManager:68:ERROR:CheckViolation: new row for relation "login_data" violates check constraint "proper_email"
DETAIL:  Failing row contains (sfs, fvgd, bfd, dfb, x, zach11).

04-Jan-21 14:05:04:pwManager:74:ERROR:InFailedSqlTransaction: current transaction is aborted, commands ignored until end of transaction block

04-Jan-21 14:05:04:pwManager:74:ERROR:InFailedSqlTransaction: current transaction is aborted, commands ignored until end of transaction block

04-Jan-21 14:07:49:pwManager:68:ERROR:CheckViolation: new row for relation "login_data" violates check constraint "proper_email"
DETAIL:  Failing row contains (dfgd, dgd, gv, sgv, fv, zach11).

04-Jan-21 14:07:49:pwManager:68:ERROR:CheckViolation: new row for relation "login_data" violates check constraint "proper_email"
DETAIL:  Failing row contains (dfgd, dgd, gv, sgv, fv, zach11).

04-Jan-21 14:07:49:pwManager:74:ERROR:InFailedSqlTransaction: current transaction is aborted, commands ignored until end of transaction block

04-Jan-21 14:07:49:pwManager:74:ERROR:InFailedSqlTransaction: current transaction is aborted, commands ignored until end of transaction block

04-Jan-21 14:51:16:pwManager:103:ERROR:SyntaxError: syntax error at or near "FROM"
LINE 2:     SELECT password, app_name, FROM login_data 
                                       ^

04-Jan-21 14:51:16:pwManager:103:ERROR:SyntaxError: syntax error at or near "FROM"
LINE 2:     SELECT password, app_name, FROM login_data 
                                       ^

04-Jan-21 14:52:42:pwManager:103:ERROR:SyntaxError: syntax error at or near "FROM"
LINE 2:     SELECT password, app_name, FROM login_data 
                                       ^

04-Jan-21 14:52:42:pwManager:103:ERROR:SyntaxError: syntax error at or near "FROM"
LINE 2:     SELECT password, app_name, FROM login_data 
                                       ^

04-Jan-21 15:04:16:pwManager:103:ERROR:SyntaxError: syntax error at or near "FROM"
LINE 2:     SELECT password, app_name, FROM login_data 
                                       ^

04-Jan-21 15:04:16:pwManager:103:ERROR:SyntaxError: syntax error at or near "FROM"
LINE 2:     SELECT password, app_name, FROM login_data 
                                       ^

